<?xml version="1.0" encoding="UTF-8"?>
<!-- Generated by org.testng.reporters.JUnitReportReporter -->
<testsuite hostname="DESKTOP-02QTJU3" name="seldocker.GridTest" tests="2" failures="0" timestamp="17 Jun 2020 06:31:03 GMT" time="0.186" errors="0">
  <testcase name="getTitle" time="0.136" classname="seldocker.GridTest"/>
  <testcase name="getTitle" time="0.050" classname="seldocker.GridTest"/>
</testsuite> <!-- seldocker.GridTest -->
