<?xml version="1.0" encoding="UTF-8"?>
<!-- Generated by org.testng.reporters.JUnitReportReporter -->
<testsuite hostname="TUNGTRUONG" failures="0" tests="2" name="seldocker.GridTest" time="0.033" errors="0" timestamp="2024-02-22T22:57:11 ICT" skipped="0">
  <testcase classname="seldocker.GridTest" name="getTitle" time="0.013"/>
  <system-out/>
  <testcase classname="seldocker.GridTest" name="getTitle" time="0.020"/>
  <system-out/>
</testsuite> <!-- seldocker.GridTest -->
